The test_vector_A is      Cleartext.txt
The test_vector_B is      Key.txt
The test_vector_OUT is      Cyprotext.txt
index = 0The Realoutput = The ExpectedOutput =    RESULT not CORRECT
index = 1The Realoutput = The ExpectedOutput =    RESULT not CORRECT
index = 2The Realoutput = The ExpectedOutput =    RESULT not CORRECT
index = 3The Realoutput = The ExpectedOutput =    RESULT not CORRECT
index = 4The Realoutput = The ExpectedOutput =    RESULT not CORRECT
index = 5The Realoutput = The ExpectedOutput =    RESULT not CORRECT
index = 6The Realoutput = The ExpectedOutput =    RESULT not CORRECT
index = 7The Realoutput = The ExpectedOutput =    RESULT not CORRECT
index = 8The Realoutput = The ExpectedOutput =    RESULT not CORRECT
index = 9The Realoutput = The ExpectedOutput =    RESULT not CORRECT
index = 10The Realoutput = The ExpectedOutput =    RESULT not CORRECT
index = 11The Realoutput = The ExpectedOutput =    RESULT not CORRECT
index = 12The Realoutput = The ExpectedOutput =    RESULT not CORRECT
index = 13The Realoutput = The ExpectedOutput =    RESULT not CORRECT
index = 14The Realoutput = The ExpectedOutput =    RESULT not CORRECT
index = 15The Realoutput = The ExpectedOutput =    RESULT not CORRECT
index = 16The Realoutput = The ExpectedOutput =    RESULT not CORRECT
index = 17The Realoutput = The ExpectedOutput =    RESULT not CORRECT
index = 18The Realoutput = The ExpectedOutput =    RESULT not CORRECT
index = 19The Realoutput = The ExpectedOutput =    RESULT not CORRECT
index = 20The Realoutput = The ExpectedOutput =    RESULT not CORRECT
index = 21The Realoutput = The ExpectedOutput =    RESULT not CORRECT
index = 22The Realoutput = The ExpectedOutput =    RESULT not CORRECT
index = 23The Realoutput = The ExpectedOutput =    RESULT not CORRECT
index = 24The Realoutput = The ExpectedOutput =    RESULT not CORRECT
index = 25The Realoutput = The ExpectedOutput =    RESULT not CORRECT
index = 26The Realoutput = The ExpectedOutput =    RESULT not CORRECT
index = 27The Realoutput = The ExpectedOutput =    RESULT not CORRECT
index = 28The Realoutput = The ExpectedOutput =    RESULT not CORRECT
index = 29The Realoutput = The ExpectedOutput =    RESULT not CORRECT
index = 30The Realoutput = The ExpectedOutput =    RESULT not CORRECT
index = 31The Realoutput = The ExpectedOutput =    RESULT not CORRECT
index = 32The Realoutput = The ExpectedOutput =    RESULT not CORRECT
index = 33The Realoutput = The ExpectedOutput =    RESULT not CORRECT
index = 34The Realoutput = The ExpectedOutput =    RESULT not CORRECT
index = 35The Realoutput = The ExpectedOutput =    RESULT not CORRECT
index = 36The Realoutput = The ExpectedOutput =    RESULT not CORRECT
index = 37The Realoutput = The ExpectedOutput =    RESULT not CORRECT
index = 38The Realoutput = The ExpectedOutput =    RESULT not CORRECT
index = 39The Realoutput = The ExpectedOutput =    RESULT not CORRECT
index = 40The Realoutput = The ExpectedOutput =    RESULT not CORRECT
index = 41The Realoutput = The ExpectedOutput =    RESULT not CORRECT
index = 42The Realoutput = The ExpectedOutput =    RESULT not CORRECT
index = 43The Realoutput = The ExpectedOutput =    RESULT not CORRECT
index = 44The Realoutput = The ExpectedOutput =    RESULT not CORRECT
index = 45The Realoutput = The ExpectedOutput =    RESULT not CORRECT
index = 46The Realoutput = The ExpectedOutput =    RESULT not CORRECT
index = 47The Realoutput = The ExpectedOutput =    RESULT not CORRECT
index = 48The Realoutput = The ExpectedOutput =    RESULT not CORRECT
index = 49The Realoutput = The ExpectedOutput =    RESULT not CORRECT
index = 50The Realoutput = The ExpectedOutput =    RESULT not CORRECT
index = 51The Realoutput = The ExpectedOutput =    RESULT not CORRECT
index = 52The Realoutput = The ExpectedOutput =    RESULT not CORRECT
index = 53The Realoutput = The ExpectedOutput =    RESULT not CORRECT
index = 54The Realoutput = The ExpectedOutput =    RESULT not CORRECT
index = 55The Realoutput = The ExpectedOutput =    RESULT not CORRECT
index = 56The Realoutput = The ExpectedOutput =    RESULT not CORRECT
index = 57The Realoutput = The ExpectedOutput =    RESULT not CORRECT
index = 58The Realoutput = The ExpectedOutput =    RESULT not CORRECT
index = 59The Realoutput = The ExpectedOutput =    RESULT not CORRECT
index = 60The Realoutput = The ExpectedOutput =    RESULT not CORRECT
index = 61The Realoutput = The ExpectedOutput =    RESULT not CORRECT
index = 62The Realoutput = The ExpectedOutput =    RESULT not CORRECT
index = 63The Realoutput = The ExpectedOutput =    RESULT not CORRECT
index = 64The Realoutput = The ExpectedOutput =    RESULT not CORRECT
index = 65The Realoutput = The ExpectedOutput =    RESULT not CORRECT
index = 66The Realoutput = The ExpectedOutput =    RESULT not CORRECT
index = 67The Realoutput = The ExpectedOutput =    RESULT not CORRECT
index = 68The Realoutput = The ExpectedOutput =    RESULT not CORRECT
index = 69The Realoutput = The ExpectedOutput =    RESULT not CORRECT
index = 70The Realoutput = The ExpectedOutput =    RESULT not CORRECT
index = 71The Realoutput = The ExpectedOutput =    RESULT not CORRECT
index = 72The Realoutput = The ExpectedOutput =    RESULT not CORRECT
index = 73The Realoutput = The ExpectedOutput =    RESULT not CORRECT
index = 74The Realoutput = The ExpectedOutput =    RESULT not CORRECT
index = 75The Realoutput = The ExpectedOutput =    RESULT not CORRECT
index = 76The Realoutput = The ExpectedOutput =    RESULT not CORRECT
index = 77The Realoutput = The ExpectedOutput =    RESULT not CORRECT
index = 78The Realoutput = The ExpectedOutput =    RESULT not CORRECT
index = 79The Realoutput = The ExpectedOutput =    RESULT not CORRECT
index = 80The Realoutput = The ExpectedOutput =    RESULT not CORRECT
index = 81The Realoutput = The ExpectedOutput =    RESULT not CORRECT
index = 82The Realoutput = The ExpectedOutput =    RESULT not CORRECT
index = 83The Realoutput = The ExpectedOutput =    RESULT not CORRECT
index = 84The Realoutput = The ExpectedOutput =    RESULT not CORRECT
index = 85The Realoutput = The ExpectedOutput =    RESULT not CORRECT
index = 86The Realoutput = The ExpectedOutput =    RESULT not CORRECT
index = 87The Realoutput = The ExpectedOutput =    RESULT not CORRECT
index = 88The Realoutput = The ExpectedOutput =    RESULT not CORRECT
index = 89The Realoutput = The ExpectedOutput =    RESULT not CORRECT
index = 90The Realoutput = The ExpectedOutput =    RESULT not CORRECT
index = 91The Realoutput = The ExpectedOutput =    RESULT not CORRECT
index = 92The Realoutput = The ExpectedOutput =    RESULT not CORRECT
index = 93The Realoutput = The ExpectedOutput =    RESULT not CORRECT
index = 94The Realoutput = The ExpectedOutput =    RESULT not CORRECT
index = 95The Realoutput = The ExpectedOutput =    RESULT not CORRECT
index = 96The Realoutput = The ExpectedOutput =    RESULT not CORRECT
index = 97The Realoutput = The ExpectedOutput =    RESULT not CORRECT
index = 98The Realoutput = The ExpectedOutput =    RESULT not CORRECT
index = 99The Realoutput = The ExpectedOutput =    RESULT not CORRECT
index = 100The Realoutput = The ExpectedOutput =    RESULT not CORRECT
index = 101The Realoutput = The ExpectedOutput =    RESULT not CORRECT
index = 102The Realoutput = The ExpectedOutput =    RESULT not CORRECT
index = 103The Realoutput = The ExpectedOutput =    RESULT not CORRECT
index = 104The Realoutput = The ExpectedOutput =    RESULT not CORRECT
index = 105The Realoutput = The ExpectedOutput =    RESULT not CORRECT
index = 106The Realoutput = The ExpectedOutput =    RESULT not CORRECT
index = 107The Realoutput = The ExpectedOutput =    RESULT not CORRECT
index = 108The Realoutput = The ExpectedOutput =    RESULT not CORRECT
index = 109The Realoutput = The ExpectedOutput =    RESULT not CORRECT
index = 110The Realoutput = The ExpectedOutput =    RESULT not CORRECT
index = 111The Realoutput = The ExpectedOutput =    RESULT not CORRECT
index = 112The Realoutput = The ExpectedOutput =    RESULT not CORRECT
index = 113The Realoutput = The ExpectedOutput =    RESULT not CORRECT
index = 114The Realoutput = The ExpectedOutput =    RESULT not CORRECT
index = 115The Realoutput = The ExpectedOutput =    RESULT not CORRECT
index = 116The Realoutput = The ExpectedOutput =    RESULT not CORRECT
index = 117The Realoutput = The ExpectedOutput =    RESULT not CORRECT
index = 118The Realoutput = The ExpectedOutput =    RESULT not CORRECT
index = 119The Realoutput = The ExpectedOutput =    RESULT not CORRECT
index = 120The Realoutput = The ExpectedOutput =    RESULT not CORRECT
index = 121The Realoutput = The ExpectedOutput =    RESULT not CORRECT
index = 122The Realoutput = The ExpectedOutput =    RESULT not CORRECT
index = 123The Realoutput = The ExpectedOutput =    RESULT not CORRECT
index = 124The Realoutput = The ExpectedOutput =    RESULT not CORRECT
index = 125The Realoutput = The ExpectedOutput =    RESULT not CORRECT
index = 126The Realoutput = The ExpectedOutput =    RESULT not CORRECT
index = 127The Realoutput = The ExpectedOutput =    RESULT not CORRECT
index = 128The Realoutput = The ExpectedOutput =    RESULT not CORRECT
index = 129The Realoutput = The ExpectedOutput =    RESULT not CORRECT
index = 130The Realoutput = The ExpectedOutput =    RESULT not CORRECT
index = 131The Realoutput = The ExpectedOutput =    RESULT not CORRECT
index = 132The Realoutput = The ExpectedOutput =    RESULT not CORRECT
index = 133The Realoutput = The ExpectedOutput =    RESULT not CORRECT
index = 134The Realoutput = The ExpectedOutput =    RESULT not CORRECT
index = 135The Realoutput = The ExpectedOutput =    RESULT not CORRECT
index = 136The Realoutput = The ExpectedOutput =    RESULT not CORRECT
index = 137The Realoutput = The ExpectedOutput =    RESULT not CORRECT
index = 138The Realoutput = The ExpectedOutput =    RESULT not CORRECT
index = 139The Realoutput = The ExpectedOutput =    RESULT not CORRECT
index = 140The Realoutput = The ExpectedOutput =    RESULT not CORRECT
index = 141The Realoutput = The ExpectedOutput =    RESULT not CORRECT
index = 142The Realoutput = The ExpectedOutput =    RESULT not CORRECT
index = 143The Realoutput = The ExpectedOutput =    RESULT not CORRECT
index = 144   RESULT CORRECT
index = 145   RESULT CORRECT
index = 146   RESULT CORRECT
index = 147   RESULT CORRECT
index = 148   RESULT CORRECT
index = 149   RESULT CORRECT
index = 150   RESULT CORRECT
index = 151   RESULT CORRECT
index = 152   RESULT CORRECT
index = 153   RESULT CORRECT
index = 154   RESULT CORRECT
index = 155   RESULT CORRECT
index = 156   RESULT CORRECT
index = 157   RESULT CORRECT
index = 158   RESULT CORRECT
index = 159   RESULT CORRECT
